<?xml version="1.0" encoding="UTF-8"?>
<testng-results ignored="0" total="2" passed="2" failed="0" skipped="0">
  <reporter-output>
  </reporter-output>
  <suite started-at="2023-11-21T16:36:17 IST" name="Surefire suite" finished-at="2023-11-21T16:36:18 IST" duration-ms="42">
    <groups>
    </groups>
    <test started-at="2023-11-21T16:36:17 IST" name="Surefire test" finished-at="2023-11-21T16:36:18 IST" duration-ms="42">
      <class name="Labfat.AppTest">
        <test-method signature="testlogin1()[pri:0, instance:Labfat.AppTest@5606c0b]" started-at="2023-11-21T16:36:17 IST" name="testlogin1" finished-at="2023-11-21T16:36:18 IST" duration-ms="14" status="PASS">
          <reporter-output>
          </reporter-output>
        </test-method> <!-- testlogin1 -->
        <test-method signature="testlogin2()[pri:0, instance:Labfat.AppTest@5606c0b]" started-at="2023-11-21T16:36:18 IST" name="testlogin2" finished-at="2023-11-21T16:36:18 IST" duration-ms="1" status="PASS">
          <reporter-output>
          </reporter-output>
        </test-method> <!-- testlogin2 -->
      </class> <!-- Labfat.AppTest -->
    </test> <!-- Surefire test -->
  </suite> <!-- Surefire suite -->
</testng-results>
